2024-04-06 12:30:08,057 [INFO] Testing in setup weak_test
2024-04-06 12:30:08,058 [INFO] Test in normal setting
2024-04-06 12:30:29,522 [INFO] Testing in setup weak_test
2024-04-06 12:30:29,522 [INFO] Test in normal setting
2024-04-06 12:30:31,986 [INFO] Accuracy: 0.6907582938388626
2024-04-06 12:30:31,990 [INFO] Test with added noise
2024-04-06 12:30:31,990 [INFO] Testing with PSNR 0.1
2024-04-06 12:30:45,235 [INFO] Testing in setup weak_test
2024-04-06 12:30:45,235 [INFO] Test in normal setting
2024-04-06 12:30:47,363 [INFO] Accuracy: 0.6907582938388626
2024-04-06 12:30:47,366 [INFO] Test with added noise
2024-04-06 12:30:47,366 [INFO] Testing with PSNR 0.1
2024-04-06 12:30:49,560 [INFO] Accuracy: 0.6907582938388626
2024-04-06 12:30:49,561 [INFO] Testing with PSNR 1
2024-04-06 12:30:51,757 [INFO] Accuracy: 0.6895734597156398
2024-04-06 12:30:51,758 [INFO] Testing with PSNR 10
2024-04-06 12:30:53,953 [INFO] Accuracy: 0.6741706161137441
2024-04-06 12:30:53,954 [INFO] Testing with PSNR 100
2024-04-06 12:30:56,144 [INFO] Accuracy: 0.5947867298578199
2024-04-06 12:30:56,145 [INFO] Testing with PSNR 1000
2024-04-06 12:30:58,336 [INFO] Accuracy: 0.5
2024-04-06 12:30:58,337 [INFO] Testing in setup strong_test
2024-04-06 12:30:58,337 [INFO] Test in normal setting
2024-04-06 12:30:58,757 [INFO] Accuracy: 0.73125
2024-04-06 12:30:58,758 [INFO] Test with added noise
2024-04-06 12:30:58,758 [INFO] Testing with PSNR 0.1
2024-04-06 12:30:59,198 [INFO] Accuracy: 0.73125
2024-04-06 12:30:59,199 [INFO] Testing with PSNR 1
2024-04-06 12:30:59,640 [INFO] Accuracy: 0.73125
2024-04-06 12:30:59,641 [INFO] Testing with PSNR 10
2024-04-06 12:31:00,082 [INFO] Accuracy: 0.70625
2024-04-06 12:31:00,083 [INFO] Testing with PSNR 100
2024-04-06 12:31:00,523 [INFO] Accuracy: 0.5625
2024-04-06 12:31:00,524 [INFO] Testing with PSNR 1000
2024-04-06 12:31:00,965 [INFO] Accuracy: 0.5
