2024-04-06 12:31:16,593 [INFO] Testing in setup weak_test
2024-04-06 12:31:16,593 [INFO] Test in normal setting
2024-04-06 12:31:18,298 [INFO] Accuracy: 0.6943127962085308
2024-04-06 12:31:18,300 [INFO] Test with added noise
2024-04-06 12:31:18,300 [INFO] Testing with PSNR 0.1
2024-04-06 12:31:20,121 [INFO] Accuracy: 0.6966824644549763
2024-04-06 12:31:20,124 [INFO] Testing with PSNR 1
2024-04-06 12:31:21,941 [INFO] Accuracy: 0.6954976303317536
2024-04-06 12:31:21,942 [INFO] Testing with PSNR 10
2024-04-06 12:31:23,753 [INFO] Accuracy: 0.6848341232227488
2024-04-06 12:31:23,754 [INFO] Testing with PSNR 100
2024-04-06 12:31:25,563 [INFO] Accuracy: 0.5592417061611374
2024-04-06 12:31:25,566 [INFO] Testing with PSNR 1000
2024-04-06 12:31:27,373 [INFO] Accuracy: 0.5
2024-04-06 12:31:27,374 [INFO] Testing in setup strong_test
2024-04-06 12:31:27,374 [INFO] Test in normal setting
2024-04-06 12:31:27,670 [INFO] Accuracy: 0.74375
2024-04-06 12:31:27,671 [INFO] Test with added noise
2024-04-06 12:31:27,671 [INFO] Testing with PSNR 0.1
2024-04-06 12:31:28,045 [INFO] Accuracy: 0.74375
2024-04-06 12:31:28,045 [INFO] Testing with PSNR 1
2024-04-06 12:31:28,416 [INFO] Accuracy: 0.7375
2024-04-06 12:31:28,417 [INFO] Testing with PSNR 10
2024-04-06 12:31:28,787 [INFO] Accuracy: 0.7
2024-04-06 12:31:28,788 [INFO] Testing with PSNR 100
2024-04-06 12:31:29,157 [INFO] Accuracy: 0.5125
2024-04-06 12:31:29,158 [INFO] Testing with PSNR 1000
2024-04-06 12:31:29,526 [INFO] Accuracy: 0.5
